<?xml version="1.0" encoding="UTF-8"?>
<coverage generated="1787529339738" clover="3.2.0">
  <project timestamp="1787529339738" name="All files">
    <metrics statements="4577" coveredstatements="3690" conditionals="3214" coveredconditionals="2313" methods="891" coveredmethods="760" elements="8682" coveredelements="6763" complexity="0" loc="4577" ncloc="4577" packages="13" files="66" classes="66"/>
    <package name="app">
      <metrics statements="284" coveredstatements="228" conditionals="238" coveredconditionals="180" methods="96" coveredmethods="76"/>
      <file name="Cube2DGameController.ts" path="/home/runner/work/GoCube/GoCube/src/app/Cube2DGameController.ts">
        <metrics statements="75" coveredstatements="57" conditionals="67" coveredconditionals="45" methods="27" coveredmethods="19"/>
        <line num="65" count="5" type="stmt"/>
        <line num="67" count="5" type="stmt"/>
        <line num="68" count="32" type="cond" truecount="2" falsecount="0"/>
        <line num="83" count="32" type="stmt"/>
        <line num="86" count="32" type="stmt"/>
        <line num="87" count="32" type="cond" truecount="2" falsecount="1"/>
        <line num="88" count="32" type="cond" truecount="1" falsecount="1"/>
        <line num="89" count="0" type="stmt"/>
        <line num="92" count="32" type="cond" truecount="3" falsecount="0"/>
        <line num="93" count="32" type="cond" truecount="3" falsecount="1"/>
        <line num="94" count="0" type="stmt"/>
        <line num="97" count="32" type="cond" truecount="3" falsecount="0"/>
        <line num="98" count="32" type="cond" truecount="1" falsecount="1"/>
        <line num="100" count="32" type="stmt"/>
        <line num="101" count="32" type="stmt"/>
        <line num="102" count="32" type="stmt"/>
        <line num="103" count="32" type="stmt"/>
        <line num="111" count="32" type="cond" truecount="2" falsecount="0"/>
        <line num="117" count="137" type="stmt"/>
        <line num="121" count="17" type="stmt"/>
        <line num="125" count="5" type="stmt"/>
        <line num="129" count="0" type="stmt"/>
        <line num="133" count="0" type="stmt"/>
        <line num="137" count="8" type="stmt"/>
        <line num="138" count="8" type="cond" truecount="1" falsecount="1"/>
        <line num="140" count="8" type="stmt"/>
        <line num="141" count="8" type="stmt"/>
        <line num="142" count="312" type="stmt"/>
        <line num="145" count="8" type="stmt"/>
        <line num="147" count="19" type="stmt"/>
        <line num="148" count="19" type="cond" truecount="3" falsecount="1"/>
        <line num="149" count="0" type="stmt"/>
        <line num="152" count="19" type="stmt"/>
        <line num="163" count="7" type="stmt"/>
        <line num="164" count="7" type="cond" truecount="1" falsecount="1"/>
        <line num="166" count="7" type="stmt"/>
        <line num="169" count="20" type="stmt"/>
        <line num="170" count="20" type="cond" truecount="2" falsecount="0"/>
        <line num="179" count="0" type="stmt"/>
        <line num="180" count="0" type="cond" truecount="0" falsecount="2"/>
        <line num="181" count="0" type="stmt"/>
        <line num="190" count="0" type="stmt"/>
        <line num="191" count="0" type="cond" truecount="0" falsecount="2"/>
        <line num="193" count="0" type="stmt"/>
        <line num="195" count="0" type="stmt"/>
        <line num="196" count="0" type="stmt"/>
        <line num="201" count="0" type="stmt"/>
        <line num="202" count="0" type="cond" truecount="0" falsecount="2"/>
        <line num="204" count="0" type="stmt"/>
        <line num="205" count="0" type="stmt"/>
        <line num="207" count="0" type="cond" truecount="0" falsecount="2"/>
        <line num="211" count="8" type="stmt"/>
        <line num="212" count="8" type="stmt"/>
        <line num="213" count="15" type="stmt"/>
        <line num="215" count="8" type="cond" truecount="1" falsecount="1"/>
        <line num="217" count="8" type="stmt"/>
        <line num="221" count="4" type="stmt"/>
        <line num="222" count="4" type="stmt"/>
        <line num="229" count="60" type="stmt"/>
        <line num="230" count="60" type="stmt"/>
        <line num="238" count="23" type="stmt"/>
        <line num="239" count="23" type="cond" truecount="1" falsecount="1"/>
        <line num="245" count="9" type="cond" truecount="4" falsecount="0"/>
        <line num="246" count="8" type="stmt"/>
        <line num="247" count="6" type="cond" truecount="3" falsecount="1"/>
        <line num="248" count="6" type="stmt"/>
        <line num="249" count="6" type="cond" truecount="1" falsecount="1"/>
        <line num="254" count="9" type="cond" truecount="1" falsecount="1"/>
        <line num="255" count="9" type="stmt"/>
        <line num="257" count="9" type="stmt"/>
        <line num="261" count="3" type="stmt"/>
        <line num="262" count="3" type="cond" truecount="1" falsecount="1"/>
        <line num="266" count="3" type="stmt"/>
        <line num="267" count="3" type="cond" truecount="1" falsecount="1"/>
        <line num="275" count="98" type="stmt"/>
      </file>
      <file name="CubeGameConfig.ts" path="/home/runner/work/GoCube/GoCube/src/app/CubeGameConfig.ts">
        <metrics statements="3" coveredstatements="3" conditionals="2" coveredconditionals="2" methods="2" coveredmethods="2"/>
        <line num="4" count="3" type="stmt"/>
        <line num="7" count="3" type="stmt"/>
        <line num="8" count="57" type="cond" truecount="2" falsecount="0"/>
      </file>
      <file name="GameApplication.ts" path="/home/runner/work/GoCube/GoCube/src/app/GameApplication.ts">
        <metrics statements="79" coveredstatements="67" conditionals="70" coveredconditionals="57" methods="23" coveredmethods="20"/>
        <line num="17" count="2" type="stmt"/>
        <line num="18" count="2" type="stmt"/>
        <line num="46" count="2" type="stmt"/>
        <line num="47" count="19" type="cond" truecount="2" falsecount="0"/>
        <line num="49" count="2" type="stmt"/>
        <line num="50" count="23" type="cond" truecount="2" falsecount="0"/>
        <line num="52" count="2" type="stmt"/>
        <line num="53" count="20" type="cond" truecount="2" falsecount="0"/>
        <line num="55" count="2" type="stmt"/>
        <line num="56" count="13" type="cond" truecount="2" falsecount="0"/>
        <line num="58" count="2" type="stmt"/>
        <line num="59" count="22" type="cond" truecount="2" falsecount="0"/>
        <line num="61" count="2" type="stmt"/>
        <line num="62" count="5" type="cond" truecount="3" falsecount="0"/>
        <line num="64" count="2" type="stmt"/>
        <line num="69" count="5" type="cond" truecount="3" falsecount="1"/>
        <line num="70" count="5" type="cond" truecount="2" falsecount="0"/>
        <line num="71" count="4" type="cond" truecount="2" falsecount="1"/>
        <line num="74" count="2" type="stmt"/>
        <line num="75" count="6" type="cond" truecount="3" falsecount="0"/>
        <line num="93" count="18" type="stmt"/>
        <line num="94" count="18" type="stmt"/>
        <line num="98" count="25" type="stmt"/>
        <line num="110" count="0" type="stmt"/>
        <line num="111" count="0" type="cond" truecount="0" falsecount="4"/>
        <line num="112" count="0" type="stmt"/>
        <line num="120" count="0" type="stmt"/>
        <line num="127" count="21" type="cond" truecount="1" falsecount="0"/>
        <line num="129" count="21" type="cond" truecount="1" falsecount="0"/>
        <line num="133" count="3" type="stmt"/>
        <line num="134" count="3" type="cond" truecount="2" falsecount="0"/>
        <line num="136" count="1" type="stmt"/>
        <line num="137" count="1" type="stmt"/>
        <line num="138" count="1" type="cond" truecount="1" falsecount="1"/>
        <line num="140" count="1" type="stmt"/>
        <line num="152" count="16" type="stmt"/>
        <line num="153" count="16" type="stmt"/>
        <line num="155" count="16" type="cond" truecount="2" falsecount="0"/>
        <line num="175" count="16" type="stmt"/>
        <line num="181" count="14" type="stmt"/>
        <line num="185" count="4" type="stmt"/>
        <line num="186" count="4" type="cond" truecount="1" falsecount="1"/>
        <line num="188" count="4" type="stmt"/>
        <line num="189" count="4" type="stmt"/>
        <line num="191" count="4" type="stmt"/>
        <line num="192" count="4" type="cond" truecount="2" falsecount="0"/>
        <line num="193" count="3" type="stmt"/>
        <line num="205" count="1" type="stmt"/>
        <line num="216" count="0" type="stmt"/>
        <line num="217" count="0" type="stmt"/>
        <line num="222" count="0" type="stmt"/>
        <line num="226" count="18" type="stmt"/>
        <line num="235" count="7" type="stmt"/>
        <line num="236" count="7" type="stmt"/>
        <line num="238" count="0" type="stmt"/>
        <line num="240" count="7" type="cond" truecount="1" falsecount="1"/>
        <line num="242" count="7" type="stmt"/>
        <line num="243" count="7" type="stmt"/>
        <line num="244" count="7" type="cond" truecount="2" falsecount="0"/>
        <line num="251" count="1" type="stmt"/>
        <line num="254" count="6" type="stmt"/>
        <line num="255" count="6" type="cond" truecount="2" falsecount="0"/>
        <line num="265" count="1" type="stmt"/>
        <line num="268" count="5" type="stmt"/>
        <line num="269" count="5" type="cond" truecount="1" falsecount="1"/>
        <line num="270" count="0" type="stmt"/>
        <line num="273" count="5" type="stmt"/>
        <line num="275" count="2" type="stmt"/>
        <line num="276" count="2" type="stmt"/>
        <line num="281" count="16" type="cond" truecount="1" falsecount="1"/>
        <line num="282" count="0" type="stmt"/>
        <line num="284" count="16" type="cond" truecount="2" falsecount="0"/>
        <line num="285" count="2" type="stmt"/>
        <line num="289" count="14" type="cond" truecount="1" falsecount="1"/>
        <line num="290" count="0" type="stmt"/>
        <line num="292" count="14" type="cond" truecount="1" falsecount="1"/>
        <line num="293" count="0" type="stmt"/>
        <line num="298" count="2" type="stmt"/>
        <line num="299" count="2" type="stmt"/>
      </file>
      <file name="TorusGameApplication.ts" path="/home/runner/work/GoCube/GoCube/src/app/TorusGameApplication.ts">
        <metrics statements="56" coveredstatements="47" conditionals="47" coveredconditionals="40" methods="15" coveredmethods="14"/>
        <line num="14" count="1" type="stmt"/>
        <line num="28" count="1" type="stmt"/>
        <line num="29" count="11" type="cond" truecount="2" falsecount="0"/>
        <line num="31" count="1" type="stmt"/>
        <line num="32" count="19" type="cond" truecount="2" falsecount="0"/>
        <line num="34" count="1" type="stmt"/>
        <line num="35" count="9" type="cond" truecount="2" falsecount="0"/>
        <line num="37" count="1" type="stmt"/>
        <line num="38" count="3" type="cond" truecount="2" falsecount="0"/>
        <line num="43" count="7" type="cond" truecount="1" falsecount="0"/>
        <line num="45" count="13" type="cond" truecount="1" falsecount="0"/>
        <line num="49" count="3" type="stmt"/>
        <line num="50" count="3" type="cond" truecount="2" falsecount="0"/>
        <line num="52" count="2" type="stmt"/>
        <line num="53" count="2" type="stmt"/>
        <line num="54" count="2" type="cond" truecount="4" falsecount="0"/>
        <line num="56" count="1" type="stmt"/>
        <line num="67" count="4" type="stmt"/>
        <line num="69" count="4" type="stmt"/>
        <line num="70" count="4" type="stmt"/>
        <line num="77" count="4" type="stmt"/>
        <line num="83" count="4" type="stmt"/>
        <line num="87" count="3" type="stmt"/>
        <line num="88" count="3" type="cond" truecount="1" falsecount="1"/>
        <line num="90" count="3" type="stmt"/>
        <line num="91" count="3" type="cond" truecount="2" falsecount="0"/>
        <line num="93" count="2" type="stmt"/>
        <line num="94" count="2" type="stmt"/>
        <line num="102" count="0" type="stmt"/>
        <line num="103" count="0" type="stmt"/>
        <line num="108" count="0" type="stmt"/>
        <line num="112" count="6" type="stmt"/>
        <line num="121" count="6" type="stmt"/>
        <line num="122" count="6" type="stmt"/>
        <line num="124" count="0" type="stmt"/>
        <line num="127" count="6" type="cond" truecount="1" falsecount="1"/>
        <line num="129" count="6" type="stmt"/>
        <line num="130" count="6" type="stmt"/>
        <line num="131" count="6" type="cond" truecount="2" falsecount="0"/>
        <line num="142" count="1" type="stmt"/>
        <line num="145" count="5" type="stmt"/>
        <line num="146" count="5" type="cond" truecount="3" falsecount="1"/>
        <line num="147" count="0" type="stmt"/>
        <line num="149" count="5" type="cond" truecount="3" falsecount="1"/>
        <line num="150" count="0" type="stmt"/>
        <line num="153" count="5" type="stmt"/>
        <line num="155" count="1" type="stmt"/>
        <line num="156" count="1" type="stmt"/>
        <line num="161" count="4" type="cond" truecount="1" falsecount="1"/>
        <line num="162" count="0" type="stmt"/>
        <line num="164" count="4" type="cond" truecount="1" falsecount="1"/>
        <line num="165" count="0" type="stmt"/>
        <line num="167" count="4" type="cond" truecount="1" falsecount="1"/>
        <line num="168" count="0" type="stmt"/>
        <line num="173" count="1" type="stmt"/>
        <line num="174" count="1" type="stmt"/>
      </file>
      <file name="TorusGameController.ts" path="/home/runner/work/GoCube/GoCube/src/app/TorusGameController.ts">
        <metrics statements="71" coveredstatements="54" conditionals="52" coveredconditionals="36" methods="29" coveredmethods="21"/>
        <line num="64" count="7" type="stmt"/>
        <line num="65" count="34" type="stmt"/>
        <line num="67" count="7" type="stmt"/>
        <line num="68" count="25" type="cond" truecount="2" falsecount="0"/>
        <line num="83" count="25" type="stmt"/>
        <line num="86" count="25" type="stmt"/>
        <line num="87" count="25" type="cond" truecount="3" falsecount="0"/>
        <line num="88" count="25" type="cond" truecount="1" falsecount="1"/>
        <line num="89" count="0" type="stmt"/>
        <line num="92" count="25" type="stmt"/>
        <line num="93" count="25" type="cond" truecount="3" falsecount="0"/>
        <line num="94" count="25" type="cond" truecount="3" falsecount="0"/>
        <line num="96" count="25" type="cond" truecount="3" falsecount="1"/>
        <line num="97" count="0" type="stmt"/>
        <line num="99" count="25" type="cond" truecount="1" falsecount="1"/>
        <line num="101" count="25" type="stmt"/>
        <line num="102" count="25" type="stmt"/>
        <line num="103" count="25" type="stmt"/>
        <line num="111" count="25" type="cond" truecount="2" falsecount="0"/>
        <line num="117" count="104" type="stmt"/>
        <line num="121" count="12" type="stmt"/>
        <line num="125" count="4" type="stmt"/>
        <line num="129" count="0" type="stmt"/>
        <line num="133" count="0" type="stmt"/>
        <line num="137" count="13" type="stmt"/>
        <line num="138" count="13" type="cond" truecount="2" falsecount="0"/>
        <line num="140" count="12" type="stmt"/>
        <line num="141" count="12" type="stmt"/>
        <line num="142" count="1060" type="stmt"/>
        <line num="145" count="12" type="stmt"/>
        <line num="147" count="22" type="stmt"/>
        <line num="148" count="22" type="cond" truecount="3" falsecount="1"/>
        <line num="149" count="0" type="stmt"/>
        <line num="152" count="22" type="stmt"/>
        <line num="163" count="1" type="stmt"/>
        <line num="164" count="1" type="cond" truecount="1" falsecount="1"/>
        <line num="166" count="1" type="stmt"/>
        <line num="169" count="2" type="stmt"/>
        <line num="170" count="2" type="cond" truecount="2" falsecount="0"/>
        <line num="179" count="0" type="stmt"/>
        <line num="180" count="0" type="cond" truecount="0" falsecount="2"/>
        <line num="181" count="0" type="stmt"/>
        <line num="190" count="0" type="stmt"/>
        <line num="191" count="0" type="cond" truecount="0" falsecount="2"/>
        <line num="193" count="0" type="stmt"/>
        <line num="195" count="0" type="stmt"/>
        <line num="196" count="0" type="stmt"/>
        <line num="201" count="7" type="stmt"/>
        <line num="202" count="7" type="cond" truecount="1" falsecount="1"/>
        <line num="204" count="7" type="stmt"/>
        <line num="205" count="10" type="stmt"/>
        <line num="207" count="7" type="cond" truecount="1" falsecount="1"/>
        <line num="211" count="11" type="stmt"/>
        <line num="212" count="11" type="stmt"/>
        <line num="213" count="16" type="stmt"/>
        <line num="215" count="11" type="cond" truecount="1" falsecount="1"/>
        <line num="217" count="11" type="stmt"/>
        <line num="221" count="0" type="stmt"/>
        <line num="222" count="0" type="stmt"/>
        <line num="229" count="25" type="stmt"/>
        <line num="230" count="25" type="cond" truecount="2" falsecount="0"/>
        <line num="234" count="31" type="stmt"/>
        <line num="235" count="31" type="cond" truecount="2" falsecount="0"/>
        <line num="239" count="10" type="cond" truecount="1" falsecount="1"/>
        <line num="240" count="10" type="stmt"/>
        <line num="242" count="9" type="stmt"/>
        <line num="246" count="5" type="stmt"/>
        <line num="247" count="5" type="cond" truecount="1" falsecount="1"/>
        <line num="251" count="0" type="stmt"/>
        <line num="252" count="0" type="cond" truecount="0" falsecount="2"/>
        <line num="259" count="70" type="stmt"/>
      </file>
    </package>
    <package name="app.persistence">
      <metrics statements="67" coveredstatements="59" conditionals="61" coveredconditionals="54" methods="18" coveredmethods="17"/>
      <file name="LocalStorageGameRepository.ts" path="/home/runner/work/GoCube/GoCube/src/app/persistence/LocalStorageGameRepository.ts">
        <metrics statements="23" coveredstatements="22" conditionals="14" coveredconditionals="14" methods="8" coveredmethods="8"/>
        <line num="12" count="4" type="stmt"/>
        <line num="13" count="2" type="cond" truecount="2" falsecount="0"/>
        <line num="15" count="4" type="stmt"/>
        <line num="16" count="2" type="cond" truecount="4" falsecount="0"/>
        <line num="26" count="3" type="cond" truecount="1" falsecount="0"/>
        <line num="27" count="3" type="cond" truecount="1" falsecount="0"/>
        <line num="31" count="1" type="stmt"/>
        <line num="36" count="4" type="stmt"/>
        <line num="37" count="4" type="stmt"/>
        <line num="39" count="0" type="stmt"/>
        <line num="42" count="4" type="cond" truecount="2" falsecount="0"/>
        <line num="44" count="3" type="stmt"/>
        <line num="45" count="3" type="stmt"/>
        <line num="46" count="3" type="cond" truecount="4" falsecount="0"/>
        <line num="47" count="1" type="stmt"/>
        <line num="48" count="1" type="stmt"/>
        <line num="50" count="1" type="stmt"/>
        <line num="52" count="1" type="stmt"/>
        <line num="53" count="1" type="stmt"/>
        <line num="58" count="1" type="stmt"/>
        <line num="62" count="8" type="stmt"/>
        <line num="66" count="2" type="stmt"/>
        <line num="67" count="2" type="stmt"/>
      </file>
      <file name="LocalStoragePreferencesStorage.ts" path="/home/runner/work/GoCube/GoCube/src/app/persistence/LocalStoragePreferencesStorage.ts">
        <metrics statements="43" coveredstatements="36" conditionals="47" coveredconditionals="40" methods="10" coveredmethods="9"/>
        <line num="9" count="1" type="stmt"/>
        <line num="10" count="1" type="stmt"/>
        <line num="23" count="1" type="stmt"/>
        <line num="24" count="5" type="cond" truecount="2" falsecount="0"/>
        <line num="26" count="1" type="stmt"/>
        <line num="27" count="4" type="cond" truecount="2" falsecount="0"/>
        <line num="29" count="1" type="stmt"/>
        <line num="30" count="7" type="cond" truecount="2" falsecount="0"/>
        <line num="32" count="1" type="stmt"/>
        <line num="33" count="2" type="cond" truecount="3" falsecount="0"/>
        <line num="37" count="1" type="stmt"/>
        <line num="38" count="5" type="cond" truecount="3" falsecount="1"/>
        <line num="40" count="5" type="cond" truecount="2" falsecount="0"/>
        <line num="41" count="5" type="stmt"/>
        <line num="42" count="5" type="stmt"/>
        <line num="43" count="5" type="cond" truecount="2" falsecount="0"/>
        <line num="44" count="5" type="cond" truecount="4" falsecount="0"/>
        <line num="45" count="4" type="cond" truecount="4" falsecount="0"/>
        <line num="46" count="3" type="cond" truecount="3" falsecount="1"/>
        <line num="47" count="3" type="cond" truecount="4" falsecount="0"/>
        <line num="48" count="2" type="cond" truecount="1" falsecount="1"/>
        <line num="50" count="2" type="stmt"/>
        <line num="59" count="1" type="stmt"/>
        <line num="60" count="0" type="cond" truecount="0" falsecount="2"/>
        <line num="61" count="0" type="stmt"/>
        <line num="62" count="0" type="stmt"/>
        <line num="64" count="0" type="stmt"/>
        <line num="70" count="6" type="cond" truecount="1" falsecount="0"/>
        <line num="71" count="6" type="cond" truecount="1" falsecount="0"/>
        <line num="75" count="6" type="cond" truecount="1" falsecount="1"/>
        <line num="77" count="6" type="stmt"/>
        <line num="78" count="6" type="stmt"/>
        <line num="79" count="6" type="cond" truecount="2" falsecount="0"/>
        <line num="81" count="5" type="stmt"/>
        <line num="82" count="5" type="cond" truecount="2" falsecount="0"/>
        <line num="84" count="3" type="stmt"/>
        <line num="85" count="3" type="stmt"/>
        <line num="87" count="0" type="stmt"/>
        <line num="88" count="0" type="stmt"/>
        <line num="92" count="0" type="stmt"/>
        <line num="97" count="1" type="cond" truecount="1" falsecount="1"/>
        <line num="99" count="1" type="stmt"/>
        <line num="107" count="1" type="stmt"/>
      </file>
      <file name="PreferencesStorage.ts" path="/home/runner/work/GoCube/GoCube/src/app/persistence/PreferencesStorage.ts">
        <metrics statements="1" coveredstatements="1" conditionals="0" coveredconditionals="0" methods="0" coveredmethods="0"/>
        <line num="12" count="1" type="stmt"/>
      </file>
    </package>
    <package name="core.endgame">
      <metrics statements="1673" coveredstatements="1597" conditionals="1294" coveredconditionals="1109" methods="300" coveredmethods="295"/>
      <file name="AndOrSearchCore.ts" path="/home/runner/work/GoCube/GoCube/src/core/endgame/AndOrSearchCore.ts">
        <metrics statements="71" coveredstatements="70" conditionals="42" coveredconditionals="41" methods="9" coveredmethods="9"/>
        <line num="1" count="23" type="stmt"/>
        <line num="85" count="23" type="stmt"/>
        <line num="87" count="23" type="stmt"/>
        <line num="88" count="4906" type="stmt"/>
        <line num="90" count="23" type="stmt"/>
        <line num="96" count="23" type="stmt"/>
        <line num="99" count="1677" type="stmt"/>
        <line num="100" count="1677" type="stmt"/>
        <line num="101" count="2743" type="cond" truecount="2" falsecount="0"/>
        <line num="103" count="1677" type="stmt"/>
        <line num="106" count="23" type="stmt"/>
        <line num="113" count="2060" type="stmt"/>
        <line num="122" count="23" type="stmt"/>
        <line num="126" count="4730" type="stmt"/>
        <line num="133" count="23" type="stmt"/>
        <line num="140" count="2846" type="stmt"/>
        <line num="149" count="23" type="stmt"/>
        <line num="158" count="1742" type="stmt"/>
        <line num="159" count="1742" type="stmt"/>
        <line num="169" count="23" type="stmt"/>
        <line num="176" count="2291" type="stmt"/>
        <line num="185" count="23" type="stmt"/>
        <line num="190" count="4906" type="stmt"/>
        <line num="191" count="4906" type="stmt"/>
        <line num="192" count="4906" type="stmt"/>
        <line num="193" count="4906" type="stmt"/>
        <line num="195" count="4906" type="cond" truecount="2" falsecount="0"/>
        <line num="196" count="873" type="stmt"/>
        <line num="197" count="873" type="stmt"/>
        <line num="204" count="4033" type="cond" truecount="2" falsecount="0"/>
        <line num="205" count="374" type="stmt"/>
        <line num="208" count="3659" type="cond" truecount="2" falsecount="0"/>
        <line num="209" count="240" type="stmt"/>
        <line num="211" count="3419" type="stmt"/>
        <line num="213" count="3419" type="stmt"/>
        <line num="214" count="3419" type="cond" truecount="2" falsecount="0"/>
        <line num="215" count="573" type="stmt"/>
        <line num="218" count="2846" type="stmt"/>
        <line num="219" count="2846" type="stmt"/>
        <line num="220" count="2846" type="stmt"/>
        <line num="221" count="2846" type="stmt"/>
        <line num="222" count="2846" type="stmt"/>
        <line num="224" count="2846" type="cond" truecount="2" falsecount="0"/>
        <line num="225" count="1333" type="stmt"/>
        <line num="226" count="2590" type="stmt"/>
        <line num="227" count="2590" type="stmt"/>
        <line num="229" count="2590" type="cond" truecount="2" falsecount="0"/>
        <line num="230" count="711" type="stmt"/>
        <line num="240" count="1879" type="cond" truecount="4" falsecount="0"/>
        <line num="241" count="1225" type="stmt"/>
        <line num="245" count="622" type="cond" truecount="2" falsecount="0"/>
        <line num="246" count="622" type="cond" truecount="1" falsecount="1"/>
        <line num="247" count="622" type="stmt"/>
        <line num="256" count="0" type="stmt"/>
        <line num="267" count="1513" type="stmt"/>
        <line num="268" count="2140" type="stmt"/>
        <line num="269" count="2140" type="stmt"/>
        <line num="271" count="2140" type="cond" truecount="2" falsecount="0"/>
        <line num="272" count="217" type="stmt"/>
        <line num="282" count="1923" type="cond" truecount="4" falsecount="0"/>
        <line num="283" count="1021" type="stmt"/>
        <line num="287" count="1296" type="cond" truecount="2" falsecount="0"/>
        <line num="288" count="1296" type="cond" truecount="2" falsecount="0"/>
        <line num="289" count="1055" type="stmt"/>
        <line num="298" count="241" type="stmt"/>
        <line num="309" count="23" type="stmt"/>
        <line num="314" count="178" type="cond" truecount="4" falsecount="0"/>
        <line num="315" count="2" type="stmt"/>
        <line num="318" count="176" type="stmt"/>
        <line num="326" count="176" type="stmt"/>
        <line num="327" count="176" type="stmt"/>
      </file>
      <file name="AssistedEndgameClassifier.ts" path="/home/runner/work/GoCube/GoCube/src/core/endgame/AssistedEndgameClassifier.ts">
        <metrics statements="191" coveredstatements="181" conditionals="170" coveredconditionals="145" methods="26" coveredmethods="24"/>
        <line num="59" count="19" type="stmt"/>
        <line num="60" count="19" type="stmt"/>
        <line num="61" count="19" type="stmt"/>
        <line num="62" count="19" type="stmt"/>
        <line num="63" count="19" type="stmt"/>
        <line num="64" count="19" type="stmt"/>
        <line num="65" count="19" type="stmt"/>
        <line num="86" count="19" type="stmt"/>
        <line num="87" count="8" type="stmt"/>
        <line num="93" count="19" type="stmt"/>
        <line num="96" count="11" type="cond" truecount="2" falsecount="0"/>
        <line num="98" count="4" type="cond" truecount="1" falsecount="1"/>
        <line num="100" count="11" type="cond" truecount="1" falsecount="1"/>
        <line num="103" count="11" type="stmt"/>
        <line num="116" count="19" type="stmt"/>
        <line num="117" count="40548" type="cond" truecount="1" falsecount="1"/>
        <line num="121" count="19" type="stmt"/>
        <line num="125" count="2050" type="stmt"/>
        <line num="126" count="2050" type="stmt"/>
        <line num="128" count="2050" type="stmt"/>
        <line num="132" count="40548" type="stmt"/>
        <line num="133" count="40548" type="stmt"/>
        <line num="134" count="40548" type="stmt"/>
        <line num="135" count="40548" type="stmt"/>
        <line num="136" count="40548" type="cond" truecount="2" falsecount="0"/>
        <line num="137" count="33066" type="stmt"/>
        <line num="138" count="33066" type="stmt"/>
        <line num="140" count="40548" type="stmt"/>
        <line num="143" count="13094" type="stmt"/>
        <line num="144" count="27454" type="stmt"/>
        <line num="146" count="2050" type="stmt"/>
        <line num="147" count="2050" type="stmt"/>
        <line num="148" count="33066" type="stmt"/>
        <line num="149" count="33066" type="cond" truecount="4" falsecount="0"/>
        <line num="150" count="31862" type="stmt"/>
        <line num="151" count="31862" type="stmt"/>
        <line num="152" count="31862" type="cond" truecount="5" falsecount="0"/>
        <line num="153" count="19842" type="cond" truecount="2" falsecount="0"/>
        <line num="159" count="17819" type="stmt"/>
        <line num="161" count="2023" type="stmt"/>
        <line num="172" count="2050" type="stmt"/>
        <line num="175" count="19" type="stmt"/>
        <line num="176" count="12" type="cond" truecount="1" falsecount="1"/>
        <line num="186" count="19" type="stmt"/>
        <line num="187" count="1075" type="cond" truecount="4" falsecount="0"/>
        <line num="188" count="6" type="cond" truecount="1" falsecount="1"/>
        <line num="194" count="0" type="stmt"/>
        <line num="197" count="6" type="cond" truecount="2" falsecount="0"/>
        <line num="199" count="1075" type="cond" truecount="2" falsecount="0"/>
        <line num="200" count="1075" type="stmt"/>
        <line num="220" count="19" type="stmt"/>
        <line num="221" count="28" type="stmt"/>
        <line num="228" count="19" type="stmt"/>
        <line num="232" count="350" type="cond" truecount="4" falsecount="0"/>
        <line num="233" count="14" type="cond" truecount="1" falsecount="1"/>
        <line num="237" count="0" type="stmt"/>
        <line num="240" count="14" type="cond" truecount="1" falsecount="1"/>
        <line num="242" count="350" type="cond" truecount="1" falsecount="1"/>
        <line num="243" count="350" type="stmt"/>
        <line num="244" count="350" type="stmt"/>
        <line num="245" count="350" type="stmt"/>
        <line num="267" count="19" type="stmt"/>
        <line num="271" count="1069" type="cond" truecount="3" falsecount="0"/>
        <line num="275" count="19" type="stmt"/>
        <line num="276" count="948" type="cond" truecount="2" falsecount="0"/>
        <line num="277" count="12" type="cond" truecount="3" falsecount="1"/>
        <line num="278" count="12" type="stmt"/>
        <line num="279" count="12" type="stmt"/>
        <line num="280" count="24" type="cond" truecount="2" falsecount="0"/>
        <line num="281" count="24" type="stmt"/>
        <line num="285" count="19" type="stmt"/>
        <line num="286" count="0" type="stmt"/>
        <line num="291" count="0" type="stmt"/>
        <line num="314" count="138" type="stmt"/>
        <line num="317" count="1026" type="stmt"/>
        <line num="318" count="1026" type="stmt"/>
        <line num="320" count="1026" type="cond" truecount="2" falsecount="0"/>
        <line num="321" count="8516" type="stmt"/>
        <line num="322" count="1026" type="cond" truecount="2" falsecount="0"/>
        <line num="324" count="1025" type="stmt"/>
        <line num="325" count="1025" type="stmt"/>
        <line num="326" count="2050" type="stmt"/>
        <line num="332" count="94" type="stmt"/>
        <line num="336" count="1025" type="stmt"/>
        <line num="337" count="1025" type="stmt"/>
        <line num="338" count="1025" type="stmt"/>
        <line num="339" count="8516" type="cond" truecount="2" falsecount="0"/>
        <line num="340" count="8422" type="stmt"/>
        <line num="341" count="199221" type="cond" truecount="2" falsecount="0"/>
        <line num="342" count="18178" type="stmt"/>
        <line num="343" count="12144" type="cond" truecount="2" falsecount="0"/>
        <line num="345" count="8422" type="cond" truecount="2" falsecount="0"/>
        <line num="346" count="86" type="stmt"/>
        <line num="351" count="86" type="cond" truecount="2" falsecount="0"/>
        <line num="354" count="1025" type="stmt"/>
        <line num="355" count="1025" type="stmt"/>
        <line num="356" count="892" type="cond" truecount="1" falsecount="1"/>
        <line num="357" count="892" type="stmt"/>
        <line num="364" count="892" type="cond" truecount="2" falsecount="0"/>
        <line num="367" count="1025" type="stmt"/>
        <line num="370" count="94" type="cond" truecount="1" falsecount="1"/>
        <line num="372" count="1025" type="stmt"/>
        <line num="373" count="1025" type="stmt"/>
        <line num="375" count="8516" type="cond" truecount="3" falsecount="0"/>
        <line num="377" count="8516" type="cond" truecount="2" falsecount="0"/>
        <line num="383" count="6097" type="stmt"/>
        <line num="385" count="2419" type="cond" truecount="2" falsecount="0"/>
        <line num="386" count="8516" type="stmt"/>
        <line num="387" count="8516" type="stmt"/>
        <line num="388" count="2649" type="stmt"/>
        <line num="390" count="4496" type="stmt"/>
        <line num="392" count="8516" type="cond" truecount="2" falsecount="0"/>
        <line num="393" count="2417" type="stmt"/>
        <line num="397" count="2417" type="stmt"/>
        <line num="401" count="2417" type="cond" truecount="2" falsecount="0"/>
        <line num="402" count="1127" type="stmt"/>
        <line num="406" count="1127" type="cond" truecount="2" falsecount="0"/>
        <line num="407" count="185" type="stmt"/>
        <line num="419" count="1025" type="stmt"/>
        <line num="420" count="1025" type="stmt"/>
        <line num="421" count="8516" type="cond" truecount="2" falsecount="0"/>
        <line num="427" count="303" type="stmt"/>
        <line num="429" count="8213" type="cond" truecount="4" falsecount="0"/>
        <line num="430" count="3425" type="cond" truecount="2" falsecount="0"/>
        <line num="431" count="8516" type="stmt"/>
        <line num="432" count="3475" type="stmt"/>
        <line num="433" count="13759" type="cond" truecount="2" falsecount="0"/>
        <line num="434" count="2859" type="stmt"/>
        <line num="435" count="2859" type="cond" truecount="2" falsecount="0"/>
        <line num="438" count="8516" type="cond" truecount="2" falsecount="0"/>
        <line num="439" count="11" type="stmt"/>
        <line num="443" count="11" type="stmt"/>
        <line num="444" count="11" type="cond" truecount="2" falsecount="0"/>
        <line num="447" count="1025" type="stmt"/>
        <line num="453" count="1025" type="stmt"/>
        <line num="454" count="1025" type="stmt"/>
        <line num="455" count="1025" type="stmt"/>
        <line num="456" count="1075" type="stmt"/>
        <line num="457" count="1075" type="stmt"/>
        <line num="458" count="1075" type="cond" truecount="4" falsecount="0"/>
        <line num="459" count="350" type="stmt"/>
        <line num="469" count="350" type="stmt"/>
        <line num="471" count="1075" type="cond" truecount="4" falsecount="0"/>
        <line num="472" count="13" type="stmt"/>
        <line num="476" count="1025" type="stmt"/>
        <line num="481" count="1025" type="stmt"/>
        <line num="482" count="1025" type="stmt"/>
        <line num="486" count="22" type="stmt"/>
        <line num="492" count="22" type="cond" truecount="2" falsecount="0"/>
        <line num="493" count="10" type="stmt"/>
        <line num="494" count="20" type="stmt"/>
        <line num="498" count="1025" type="stmt"/>
        <line num="502" count="1025" type="stmt"/>
        <line num="503" count="1025" type="stmt"/>
        <line num="504" count="948" type="cond" truecount="2" falsecount="0"/>
        <line num="505" count="12" type="stmt"/>
        <line num="515" count="12" type="cond" truecount="1" falsecount="1"/>
        <line num="519" count="12" type="stmt"/>
        <line num="521" count="0" type="stmt"/>
        <line num="534" count="0" type="cond" truecount="0" falsecount="2"/>
        <line num="535" count="0" type="stmt"/>
        <line num="537" count="0" type="cond" truecount="0" falsecount="2"/>
        <line num="538" count="0" type="stmt"/>
        <line num="542" count="1025" type="stmt"/>
        <line num="544" count="8516" type="stmt"/>
        <line num="545" count="8516" type="stmt"/>
        <line num="546" count="8516" type="cond" truecount="2" falsecount="0"/>
        <line num="547" count="94" type="stmt"/>
        <line num="554" count="213" type="stmt"/>
        <line num="558" count="8422" type="stmt"/>
        <line num="559" count="8422" type="cond" truecount="2" falsecount="0"/>
        <line num="560" count="11" type="stmt"/>
        <line num="567" count="8411" type="stmt"/>
        <line num="568" count="8411" type="cond" truecount="2" falsecount="0"/>
        <line num="569" count="13" type="stmt"/>
        <line num="576" count="8398" type="stmt"/>
        <line num="577" count="8398" type="cond" truecount="2" falsecount="0"/>
        <line num="578" count="4" type="stmt"/>
        <line num="585" count="8394" type="stmt"/>
        <line num="586" count="8394" type="cond" truecount="2" falsecount="0"/>
        <line num="587" count="13" type="stmt"/>
        <line num="594" count="8381" type="stmt"/>
        <line num="595" count="8381" type="cond" truecount="2" falsecount="0"/>
        <line num="596" count="172" type="stmt"/>
        <line num="603" count="8209" type="stmt"/>
        <line num="604" count="8209" type="cond" truecount="2" falsecount="0"/>
        <line num="605" count="20" type="stmt"/>
        <line num="612" count="8189" type="stmt"/>
        <line num="613" count="8189" type="cond" truecount="1" falsecount="1"/>
        <line num="614" count="0" type="stmt"/>
        <line num="621" count="8189" type="stmt"/>
      </file>
      <file name="AutomaticDeadProof.ts" path="/home/runner/work/GoCube/GoCube/src/core/endgame/AutomaticDeadProof.ts">
        <metrics statements="45" coveredstatements="42" conditionals="39" coveredconditionals="31" methods="9" coveredmethods="9"/>
        <line num="4" count="19" type="stmt"/>
        <line num="48" count="19" type="stmt"/>
        <line num="49" count="892" type="cond" truecount="2" falsecount="0"/>
        <line num="56" count="19" type="stmt"/>
        <line num="60" count="1025" type="stmt"/>
        <line num="62" count="8516" type="cond" truecount="2" falsecount="0"/>
        <line num="63" count="608" type="cond" truecount="2" falsecount="2"/>
        <line num="65" count="892" type="stmt"/>
        <line num="84" count="19" type="stmt"/>
        <line num="88" count="892" type="stmt"/>
        <line num="89" count="892" type="cond" truecount="4" falsecount="1"/>
        <line num="90" count="0" type="stmt"/>
        <line num="93" count="892" type="stmt"/>
        <line num="94" count="892" type="stmt"/>
        <line num="95" count="892" type="stmt"/>
        <line num="97" count="892" type="stmt"/>
        <line num="98" count="4573" type="stmt"/>
        <line num="99" count="4573" type="cond" truecount="1" falsecount="1"/>
        <line num="101" count="4573" type="stmt"/>
        <line num="102" count="4573" type="cond" truecount="1" falsecount="1"/>
        <line num="103" count="0" type="stmt"/>
        <line num="106" count="4573" type="cond" truecount="2" falsecount="0"/>
        <line num="107" count="493" type="cond" truecount="3" falsecount="1"/>
        <line num="108" count="493" type="stmt"/>
        <line num="110" count="0" type="stmt"/>
        <line num="113" count="4080" type="cond" truecount="1" falsecount="1"/>
        <line num="114" count="4080" type="stmt"/>
        <line num="117" count="892" type="stmt"/>
        <line num="118" count="1395" type="stmt"/>
        <line num="119" count="5523" type="cond" truecount="4" falsecount="0"/>
        <line num="120" count="3515" type="stmt"/>
        <line num="121" count="3515" type="cond" truecount="1" falsecount="1"/>
        <line num="125" count="892" type="stmt"/>
        <line num="126" count="1743" type="cond" truecount="2" falsecount="0"/>
        <line num="127" count="1352" type="cond" truecount="2" falsecount="0"/>
        <line num="128" count="294" type="stmt"/>
        <line num="130" count="1058" type="stmt"/>
        <line num="131" count="1058" type="cond" truecount="2" falsecount="0"/>
        <line num="134" count="105" type="stmt"/>
        <line num="135" count="106" type="cond" truecount="2" falsecount="0"/>
        <line num="136" count="92" type="stmt"/>
        <line num="140" count="13" type="stmt"/>
        <line num="143" count="12" type="stmt"/>
        <line num="144" count="12" type="stmt"/>
        <line num="147" count="13" type="stmt"/>
      </file>
      <file name="AutomaticSekiProof.ts" path="/home/runner/work/GoCube/GoCube/src/core/endgame/AutomaticSekiProof.ts">
        <metrics statements="54" coveredstatements="47" conditionals="42" coveredconditionals="32" methods="6" coveredmethods="6"/>
        <line num="4" count="19" type="stmt"/>
        <line num="48" count="19" type="stmt"/>
        <line num="49" count="5152" type="stmt"/>
        <line num="51" count="19" type="stmt"/>
        <line num="55" count="2553" type="cond" truecount="3" falsecount="1"/>
        <line num="56" count="2553" type="stmt"/>
        <line num="57" count="2553" type="stmt"/>
        <line num="58" count="2553" type="stmt"/>
        <line num="70" count="19" type="stmt"/>
        <line num="74" count="1026" type="stmt"/>
        <line num="75" count="8519" type="cond" truecount="2" falsecount="0"/>
        <line num="76" count="1294" type="cond" truecount="2" falsecount="2"/>
        <line num="77" count="1026" type="stmt"/>
        <line num="79" count="1026" type="stmt"/>
        <line num="80" count="1752" type="stmt"/>
        <line num="81" count="1752" type="stmt"/>
        <line num="82" count="4887" type="stmt"/>
        <line num="83" count="4887" type="cond" truecount="4" falsecount="0"/>
        <line num="84" count="23" type="stmt"/>
        <line num="85" count="23" type="stmt"/>
        <line num="94" count="1026" type="stmt"/>
        <line num="111" count="19" type="stmt"/>
        <line num="115" count="23" type="stmt"/>
        <line num="116" count="23" type="stmt"/>
        <line num="117" count="23" type="stmt"/>
        <line num="118" count="23" type="cond" truecount="3" falsecount="1"/>
        <line num="119" count="0" type="stmt"/>
        <line num="121" count="23" type="cond" truecount="1" falsecount="1"/>
        <line num="122" count="0" type="stmt"/>
        <line num="124" count="23" type="cond" truecount="1" falsecount="1"/>
        <line num="125" count="0" type="stmt"/>
        <line num="131" count="23" type="stmt"/>
        <line num="132" count="23" type="cond" truecount="1" falsecount="1"/>
        <line num="136" count="0" type="stmt"/>
        <line num="142" count="23" type="stmt"/>
        <line num="143" count="23" type="stmt"/>
        <line num="145" count="23" type="stmt"/>
        <line num="146" count="33" type="cond" truecount="1" falsecount="1"/>
        <line num="147" count="0" type="stmt"/>
        <line num="150" count="33" type="stmt"/>
        <line num="151" count="33" type="stmt"/>
        <line num="152" count="79" type="cond" truecount="2" falsecount="0"/>
        <line num="153" count="14" type="cond" truecount="2" falsecount="0"/>
        <line num="154" count="2" type="stmt"/>
        <line num="159" count="12" type="stmt"/>
        <line num="162" count="65" type="stmt"/>
        <line num="163" count="65" type="cond" truecount="1" falsecount="1"/>
        <line num="164" count="0" type="stmt"/>
        <line num="166" count="65" type="cond" truecount="2" falsecount="0"/>
        <line num="167" count="11" type="stmt"/>
        <line num="169" count="54" type="stmt"/>
        <line num="172" count="20" type="cond" truecount="3" falsecount="1"/>
        <line num="173" count="0" type="stmt"/>
        <line num="177" count="10" type="stmt"/>
      </file>
      <file name="BensonPassAlive.ts" path="/home/runner/work/GoCube/GoCube/src/core/endgame/BensonPassAlive.ts">
        <metrics statements="80" coveredstatements="78" conditionals="49" coveredconditionals="41" methods="13" coveredmethods="13"/>
        <line num="6" count="25" type="stmt"/>
        <line num="8" count="25" type="stmt"/>
        <line num="23" count="25" type="stmt"/>
        <line num="24" count="122441" type="cond" truecount="3" falsecount="1"/>
        <line num="26" count="25" type="stmt"/>
        <line num="27" count="2254690" type="stmt"/>
        <line num="28" count="2254690" type="cond" truecount="4" falsecount="1"/>
        <line num="29" count="0" type="stmt"/>
        <line num="31" count="2254690" type="stmt"/>
        <line num="42" count="25" type="stmt"/>
        <line num="48" count="25216" type="stmt"/>
        <line num="49" count="25216" type="stmt"/>
        <line num="50" count="25216" type="stmt"/>
        <line num="52" count="25216" type="stmt"/>
        <line num="53" count="611814" type="cond" truecount="4" falsecount="0"/>
        <line num="55" count="66886" type="stmt"/>
        <line num="56" count="66886" type="stmt"/>
        <line num="57" count="66886" type="stmt"/>
        <line num="58" count="66886" type="stmt"/>
        <line num="60" count="66886" type="stmt"/>
        <line num="61" count="718875" type="stmt"/>
        <line num="62" count="718875" type="cond" truecount="2" falsecount="0"/>
        <line num="64" count="482103" type="stmt"/>
        <line num="65" count="482103" type="cond" truecount="1" falsecount="1"/>
        <line num="67" count="482103" type="stmt"/>
        <line num="68" count="482103" type="stmt"/>
        <line num="69" count="482103" type="stmt"/>
        <line num="71" count="482103" type="stmt"/>
        <line num="72" count="1575990" type="stmt"/>
        <line num="73" count="1575990" type="cond" truecount="2" falsecount="0"/>
        <line num="74" count="272012" type="stmt"/>
        <line num="75" count="272012" type="cond" truecount="1" falsecount="1"/>
        <line num="76" count="272012" type="cond" truecount="3" falsecount="1"/>
        <line num="77" count="0" type="stmt"/>
        <line num="79" count="272012" type="stmt"/>
        <line num="80" count="272012" type="stmt"/>
        <line num="81" count="1303978" type="cond" truecount="2" falsecount="0"/>
        <line num="82" count="651989" type="stmt"/>
        <line num="86" count="482103" type="cond" truecount="2" falsecount="0"/>
        <line num="88" count="351265" type="cond" truecount="2" falsecount="0"/>
        <line num="89" count="66882" type="stmt"/>
        <line num="91" count="284383" type="stmt"/>
        <line num="92" count="8516" type="cond" truecount="2" falsecount="0"/>
        <line num="97" count="66886" type="stmt"/>
        <line num="98" count="66886" type="stmt"/>
        <line num="99" count="66886" type="stmt"/>
        <line num="110" count="41670" type="stmt"/>
        <line num="111" count="25216" type="stmt"/>
        <line num="119" count="25" type="stmt"/>
        <line num="125" count="25214" type="stmt"/>
        <line num="126" count="66883" type="stmt"/>
        <line num="127" count="25214" type="stmt"/>
        <line num="128" count="100199" type="stmt"/>
        <line num="130" count="66883" type="stmt"/>
        <line num="132" count="25214" type="stmt"/>
        <line num="133" count="48318" type="stmt"/>
        <line num="135" count="48318" type="stmt"/>
        <line num="136" count="53703" type="stmt"/>
        <line num="137" count="53703" type="stmt"/>
        <line num="138" count="137790" type="stmt"/>
        <line num="139" count="137790" type="cond" truecount="1" falsecount="1"/>
        <line num="140" count="137790" type="cond" truecount="2" falsecount="0"/>
        <line num="142" count="53703" type="cond" truecount="2" falsecount="0"/>
        <line num="145" count="48318" type="cond" truecount="2" falsecount="0"/>
        <line num="147" count="23104" type="stmt"/>
        <line num="148" count="45258" type="stmt"/>
        <line num="150" count="23104" type="stmt"/>
        <line num="151" count="55151" type="stmt"/>
        <line num="152" count="55151" type="cond" truecount="1" falsecount="1"/>
        <line num="153" count="55151" type="cond" truecount="2" falsecount="0"/>
        <line num="154" count="37319" type="stmt"/>
        <line num="159" count="25214" type="stmt"/>
        <line num="160" count="25214" type="stmt"/>
        <line num="161" count="4965" type="stmt"/>
        <line num="162" count="18372" type="stmt"/>
        <line num="163" count="18372" type="stmt"/>
        <line num="164" count="6892" type="stmt"/>
        <line num="166" count="4965" type="cond" truecount="1" falsecount="1"/>
        <line num="167" count="4965" type="stmt"/>
        <line num="171" count="25214" type="stmt"/>
      </file>
      <file name="EndgameGraphCore.ts" path="/home/runner/work/GoCube/GoCube/src/core/endgame/EndgameGraphCore.ts">
        <metrics statements="191" coveredstatements="187" conditionals="76" coveredconditionals="69" methods="32" coveredmethods="32"/>
        <line num="62" count="38" type="stmt"/>
        <line num="69" count="38" type="stmt"/>
        <line num="70" count="2403295" type="cond" truecount="3" falsecount="1"/>
        <line num="72" count="38" type="stmt"/>
        <line num="73" count="481549" type="stmt"/>
        <line num="77" count="481549" type="stmt"/>
        <line num="79" count="38" type="stmt"/>
        <line num="80" count="4198798" type="stmt"/>
        <line num="81" count="4198798" type="cond" truecount="5" falsecount="0"/>
        <line num="82" count="1" type="stmt"/>
        <line num="84" count="4198797" type="stmt"/>
        <line num="91" count="38" type="stmt"/>
        <line num="95" count="23695" type="stmt"/>
        <line num="96" count="618368" type="stmt"/>
        <line num="98" count="23694" type="stmt"/>
        <line num="99" count="23694" type="stmt"/>
        <line num="106" count="23694" type="stmt"/>
        <line num="112" count="23694" type="stmt"/>
        <line num="118" count="23694" type="stmt"/>
        <line num="123" count="23694" type="stmt"/>
        <line num="131" count="23694" type="stmt"/>
        <line num="145" count="38" type="stmt"/>
        <line num="154" count="23694" type="stmt"/>
        <line num="155" count="23694" type="stmt"/>
        <line num="156" count="23694" type="stmt"/>
        <line num="158" count="23694" type="stmt"/>
        <line num="159" count="618361" type="cond" truecount="2" falsecount="0"/>
        <line num="160" count="431738" type="stmt"/>
        <line num="161" count="431738" type="cond" truecount="2" falsecount="0"/>
        <line num="163" count="114952" type="stmt"/>
        <line num="164" count="114952" type="stmt"/>
        <line num="165" count="114952" type="stmt"/>
        <line num="166" count="114952" type="stmt"/>
        <line num="168" count="114952" type="stmt"/>
        <line num="169" count="301575" type="stmt"/>
        <line num="170" count="301575" type="stmt"/>
        <line num="172" count="301575" type="stmt"/>
        <line num="173" count="1088111" type="stmt"/>
        <line num="174" count="1088111" type="cond" truecount="2" falsecount="0"/>
        <line num="175" count="354109" type="stmt"/>
        <line num="176" count="354109" type="stmt"/>
        <line num="178" count="734002" type="cond" truecount="4" falsecount="0"/>
        <line num="179" count="186623" type="stmt"/>
        <line num="180" count="186623" type="stmt"/>
        <line num="184" count="114952" type="stmt"/>
        <line num="185" count="114952" type="stmt"/>
        <line num="186" count="114952" type="stmt"/>
        <line num="192" count="114952" type="stmt"/>
        <line num="193" count="301575" type="stmt"/>
        <line num="196" count="91283" type="stmt"/>
        <line num="197" count="114952" type="stmt"/>
        <line num="199" count="23694" type="stmt"/>
        <line num="206" count="38" type="stmt"/>
        <line num="217" count="23694" type="stmt"/>
        <line num="218" count="23694" type="stmt"/>
        <line num="219" count="23694" type="stmt"/>
        <line num="221" count="23694" type="stmt"/>
        <line num="222" count="618361" type="cond" truecount="4" falsecount="0"/>
        <line num="224" count="108504" type="stmt"/>
        <line num="225" count="108504" type="stmt"/>
        <line num="226" count="108504" type="stmt"/>
        <line num="228" count="108504" type="stmt"/>
        <line num="229" count="316786" type="stmt"/>
        <line num="230" count="316786" type="stmt"/>
        <line num="231" count="316786" type="stmt"/>
        <line num="232" count="999413" type="cond" truecount="4" falsecount="0"/>
        <line num="233" count="208282" type="stmt"/>
        <line num="234" count="208282" type="stmt"/>
        <line num="238" count="108504" type="stmt"/>
        <line num="239" count="108504" type="stmt"/>
        <line num="240" count="108504" type="stmt"/>
        <line num="241" count="316786" type="stmt"/>
        <line num="242" count="999413" type="stmt"/>
        <line num="243" count="999413" type="cond" truecount="2" falsecount="0"/>
        <line num="247" count="108504" type="stmt"/>
        <line num="248" count="108504" type="stmt"/>
        <line num="249" count="316786" type="stmt"/>
        <line num="250" count="316786" type="stmt"/>
        <line num="251" count="999413" type="stmt"/>
        <line num="252" count="999413" type="cond" truecount="2" falsecount="0"/>
        <line num="254" count="316786" type="stmt"/>
        <line num="255" count="247125" type="cond" truecount="2" falsecount="0"/>
        <line num="259" count="108504" type="stmt"/>
        <line num="260" count="108504" type="stmt"/>
        <line num="261" count="108504" type="stmt"/>
        <line num="262" count="108504" type="stmt"/>
        <line num="264" count="250916" type="stmt"/>
        <line num="267" count="108504" type="stmt"/>
        <line num="274" count="108504" type="stmt"/>
        <line num="275" count="316786" type="stmt"/>
        <line num="278" count="84816" type="stmt"/>
        <line num="279" count="108504" type="stmt"/>
        <line num="281" count="23694" type="stmt"/>
        <line num="288" count="38" type="stmt"/>
        <line num="294" count="23694" type="stmt"/>
        <line num="296" count="23694" type="stmt"/>
        <line num="297" count="301575" type="stmt"/>
        <line num="298" count="301575" type="stmt"/>
        <line num="299" count="1088111" type="cond" truecount="2" falsecount="0"/>
        <line num="300" count="734002" type="stmt"/>
        <line num="301" count="734002" type="cond" truecount="4" falsecount="0"/>
        <line num="302" count="305742" type="stmt"/>
        <line num="303" count="305742" type="cond" truecount="1" falsecount="1"/>
        <line num="304" count="305742" type="stmt"/>
        <line num="305" count="305742" type="stmt"/>
        <line num="309" count="23694" type="stmt"/>
        <line num="311" count="169128" type="stmt"/>
        <line num="312" count="78263" type="stmt"/>
        <line num="316" count="38" type="stmt"/>
        <line num="322" count="23694" type="stmt"/>
        <line num="324" count="23694" type="stmt"/>
        <line num="325" count="108504" type="stmt"/>
        <line num="326" count="316786" type="stmt"/>
        <line num="327" count="316786" type="stmt"/>
        <line num="328" count="999413" type="stmt"/>
        <line num="329" count="999413" type="cond" truecount="4" falsecount="0"/>
        <line num="331" count="316786" type="stmt"/>
        <line num="332" count="316786" type="stmt"/>
        <line num="333" count="315130" type="stmt"/>
        <line num="334" count="175807" type="stmt"/>
        <line num="335" count="175807" type="stmt"/>
        <line num="336" count="175807" type="stmt"/>
        <line num="337" count="175807" type="cond" truecount="2" falsecount="0"/>
        <line num="338" count="136193" type="stmt"/>
        <line num="344" count="23694" type="stmt"/>
        <line num="346" count="474855" type="stmt"/>
        <line num="348" count="136193" type="stmt"/>
        <line num="356" count="38" type="stmt"/>
        <line num="361" count="23694" type="stmt"/>
        <line num="364" count="136193" type="stmt"/>
        <line num="365" count="136193" type="stmt"/>
        <line num="366" count="136193" type="cond" truecount="3" falsecount="0"/>
        <line num="369" count="58856" type="stmt"/>
        <line num="370" count="58856" type="stmt"/>
        <line num="371" count="74947" type="stmt"/>
        <line num="372" count="74947" type="cond" truecount="1" falsecount="1"/>
        <line num="374" count="58856" type="stmt"/>
        <line num="382" count="38" type="stmt"/>
        <line num="389" count="23694" type="stmt"/>
        <line num="390" count="607261" type="stmt"/>
        <line num="391" count="108504" type="stmt"/>
        <line num="392" count="23694" type="stmt"/>
        <line num="393" count="299094" type="stmt"/>
        <line num="394" count="299094" type="cond" truecount="1" falsecount="1"/>
        <line num="395" count="0" type="stmt"/>
        <line num="396" count="0" type="stmt"/>
        <line num="398" count="299094" type="stmt"/>
        <line num="399" count="299094" type="cond" truecount="1" falsecount="1"/>
        <line num="400" count="0" type="stmt"/>
        <line num="401" count="0" type="stmt"/>
        <line num="403" count="299094" type="stmt"/>
        <line num="404" count="299094" type="stmt"/>
        <line num="407" count="114952" type="stmt"/>
        <line num="408" count="23694" type="stmt"/>
        <line num="409" count="108504" type="stmt"/>
        <line num="410" count="108504" type="stmt"/>
        <line num="411" count="220831" type="stmt"/>
        <line num="413" count="23694" type="stmt"/>
        <line num="414" count="78263" type="stmt"/>
        <line num="417" count="114952" type="stmt"/>
        <line num="418" count="23694" type="stmt"/>
        <line num="419" count="23694" type="stmt"/>
        <line num="421" count="23694" type="stmt"/>
        <line num="422" count="114952" type="stmt"/>
        <line num="423" count="114952" type="cond" truecount="2" falsecount="0"/>
        <line num="425" count="25002" type="stmt"/>
        <line num="426" count="25002" type="stmt"/>
        <line num="427" count="25002" type="stmt"/>
        <line num="428" count="25002" type="stmt"/>
        <line num="430" count="25002" type="stmt"/>
        <line num="431" count="210881" type="stmt"/>
        <line num="432" count="210881" type="cond" truecount="2" falsecount="0"/>
        <line num="433" count="95929" type="cond" truecount="1" falsecount="1"/>
        <line num="435" count="210881" type="cond" truecount="1" falsecount="1"/>
        <line num="436" count="598188" type="cond" truecount="2" falsecount="0"/>
        <line num="437" count="185879" type="stmt"/>
        <line num="438" count="185879" type="stmt"/>
        <line num="442" count="25002" type="stmt"/>
        <line num="443" count="114952" type="stmt"/>
        <line num="445" count="25002" type="stmt"/>
        <line num="446" count="114952" type="stmt"/>
        <line num="448" count="25002" type="cond" truecount="4" falsecount="0"/>
        <line num="450" count="22368" type="stmt"/>
        <line num="451" count="22368" type="stmt"/>
        <line num="452" count="136471" type="cond" truecount="2" falsecount="0"/>
        <line num="454" count="22368" type="stmt"/>
        <line num="455" count="58648" type="cond" truecount="2" falsecount="0"/>
        <line num="457" count="22368" type="stmt"/>
        <line num="459" count="22368" type="stmt"/>
        <line num="471" count="23694" type="stmt"/>
        <line num="472" count="243" type="stmt"/>
      </file>
      <file name="EndgameGroupIdentity.ts" path="/home/runner/work/GoCube/GoCube/src/core/endgame/EndgameGroupIdentity.ts">
        <metrics statements="6" coveredstatements="6" conditionals="4" coveredconditionals="4" methods="3" coveredmethods="3"/>
        <line num="3" count="43" type="stmt"/>
        <line num="4" count="6800988" type="cond" truecount="4" falsecount="0"/>
        <line num="6" count="43" type="stmt"/>
        <line num="8" count="265089" type="stmt"/>
        <line num="10" count="43" type="stmt"/>
        <line num="11" count="140993" type="stmt"/>
      </file>
      <file name="EndgameReviewState.ts" path="/home/runner/work/GoCube/GoCube/src/core/endgame/EndgameReviewState.ts">
        <metrics statements="42" coveredstatements="42" conditionals="31" coveredconditionals="24" methods="10" coveredmethods="10"/>
        <line num="29" count="16" type="stmt"/>
        <line num="30" count="30" type="cond" truecount="3" falsecount="0"/>
        <line num="32" count="16" type="stmt"/>
        <line num="34" count="220" type="cond" truecount="2" falsecount="0"/>
        <line num="36" count="16" type="stmt"/>
        <line num="39" count="40" type="stmt"/>
        <line num="40" count="40" type="stmt"/>
        <line num="41" count="48" type="stmt"/>
        <line num="42" count="48" type="cond" truecount="1" falsecount="1"/>
        <line num="43" count="48" type="stmt"/>
        <line num="44" count="48" type="cond" truecount="1" falsecount="1"/>
        <line num="45" count="48" type="stmt"/>
        <line num="47" count="48" type="stmt"/>
        <line num="57" count="40" type="stmt"/>
        <line num="58" count="22" type="stmt"/>
        <line num="59" count="22" type="stmt"/>
        <line num="60" count="22" type="cond" truecount="2" falsecount="2"/>
        <line num="63" count="40" type="stmt"/>
        <line num="66" count="16" type="stmt"/>
        <line num="69" count="98" type="cond" truecount="2" falsecount="0"/>
        <line num="71" count="72" type="stmt"/>
        <line num="74" count="147" type="stmt"/>
        <line num="89" count="16" type="stmt"/>
        <line num="94" count="29" type="stmt"/>
        <line num="95" count="29" type="stmt"/>
        <line num="96" count="29" type="stmt"/>
        <line num="98" count="29" type="stmt"/>
        <line num="99" count="62" type="cond" truecount="2" falsecount="0"/>
        <line num="100" count="29" type="stmt"/>
        <line num="101" count="29" type="cond" truecount="1" falsecount="1"/>
        <line num="102" count="29" type="stmt"/>
        <line num="103" count="29" type="stmt"/>
        <line num="106" count="29" type="cond" truecount="1" falsecount="1"/>
        <line num="107" count="29" type="cond" truecount="1" falsecount="1"/>
        <line num="108" count="29" type="stmt"/>
        <line num="111" count="16" type="stmt"/>
        <line num="114" count="30" type="stmt"/>
        <line num="120" count="30" type="stmt"/>
        <line num="121" count="30" type="stmt"/>
        <line num="122" count="30" type="cond" truecount="2" falsecount="0"/>
        <line num="123" count="28" type="stmt"/>
        <line num="132" count="28" type="stmt"/>
      </file>
      <file name="LocalLifeDeathReader.ts" path="/home/runner/work/GoCube/GoCube/src/core/endgame/LocalLifeDeathReader.ts">
        <metrics statements="123" coveredstatements="117" conditionals="110" coveredconditionals="95" methods="29" coveredmethods="29"/>
        <line num="15" count="20" type="stmt"/>
        <line num="52" count="20" type="stmt"/>
        <line num="53" count="20" type="stmt"/>
        <line num="92" count="20" type="stmt"/>
        <line num="93" count="1823" type="cond" truecount="2" falsecount="0"/>
        <line num="95" count="20" type="stmt"/>
        <line num="96" count="7101" type="stmt"/>
        <line num="105" count="20" type="stmt"/>
        <line num="109" count="1779" type="stmt"/>
        <line num="111" count="9879" type="stmt"/>
        <line num="112" count="9879" type="cond" truecount="4" falsecount="0"/>
        <line num="116" count="20" type="stmt"/>
        <line num="120" count="4589" type="stmt"/>
        <line num="121" count="4589" type="stmt"/>
        <line num="122" count="4589" type="stmt"/>
        <line num="124" count="4589" type="cond" truecount="2" falsecount="0"/>
        <line num="125" count="723" type="stmt"/>
        <line num="128" count="3866" type="stmt"/>
        <line num="129" count="3866" type="cond" truecount="2" falsecount="2"/>
        <line num="131" count="4589" type="cond" truecount="2" falsecount="0"/>
        <line num="134" count="4589" type="stmt"/>
        <line num="137" count="20" type="stmt"/>
        <line num="141" count="795" type="stmt"/>
        <line num="142" count="795" type="stmt"/>
        <line num="144" count="795" type="cond" truecount="1" falsecount="1"/>
        <line num="147" count="20" type="stmt"/>
        <line num="151" count="1520" type="stmt"/>
        <line num="152" count="1520" type="cond" truecount="1" falsecount="1"/>
        <line num="153" count="1520" type="cond" truecount="1" falsecount="1"/>
        <line num="155" count="1520" type="stmt"/>
        <line num="158" count="1520" type="stmt"/>
        <line num="160" count="8493" type="stmt"/>
        <line num="169" count="20" type="stmt"/>
        <line num="174" count="1070" type="stmt"/>
        <line num="175" count="1070" type="stmt"/>
        <line num="176" count="10626" type="cond" truecount="2" falsecount="0"/>
        <line num="177" count="6320" type="stmt"/>
        <line num="183" count="6320" type="cond" truecount="4" falsecount="0"/>
        <line num="185" count="1069" type="stmt"/>
        <line num="188" count="20" type="stmt"/>
        <line num="189" count="1033" type="cond" truecount="2" falsecount="0"/>
        <line num="191" count="1032" type="stmt"/>
        <line num="193" count="1032" type="cond" truecount="2" falsecount="0"/>
        <line num="196" count="1033" type="stmt"/>
        <line num="199" count="20" type="stmt"/>
        <line num="202" count="1" type="stmt"/>
        <line num="204" count="20" type="stmt"/>
        <line num="208" count="1850" type="stmt"/>
        <line num="210" count="20" type="stmt"/>
        <line num="213" count="725" type="cond" truecount="4" falsecount="0"/>
        <line num="214" count="276" type="stmt"/>
        <line num="216" count="449" type="stmt"/>
        <line num="219" count="20" type="stmt"/>
        <line num="224" count="1069" type="stmt"/>
        <line num="225" count="1069" type="cond" truecount="3" falsecount="1"/>
        <line num="226" count="804" type="cond" truecount="3" falsecount="1"/>
        <line num="227" count="795" type="stmt"/>
        <line num="228" count="795" type="cond" truecount="1" falsecount="1"/>
        <line num="229" count="1069" type="cond" truecount="2" falsecount="0"/>
        <line num="232" count="56" type="stmt"/>
        <line num="233" count="1033" type="stmt"/>
        <line num="234" count="1033" type="cond" truecount="2" falsecount="0"/>
        <line num="236" count="932" type="cond" truecount="2" falsecount="0"/>
        <line num="237" count="931" type="stmt"/>
        <line num="238" count="931" type="cond" truecount="2" falsecount="0"/>
        <line num="239" count="738" type="cond" truecount="2" falsecount="0"/>
        <line num="240" count="725" type="stmt"/>
        <line num="243" count="726" type="cond" truecount="2" falsecount="0"/>
        <line num="244" count="1" type="stmt"/>
        <line num="247" count="725" type="cond" truecount="1" falsecount="1"/>
        <line num="248" count="0" type="stmt"/>
        <line num="263" count="725" type="stmt"/>
        <line num="264" count="725" type="stmt"/>
        <line num="265" count="725" type="stmt"/>
        <line num="267" count="725" type="stmt"/>
        <line num="268" count="4030" type="cond" truecount="2" falsecount="0"/>
        <line num="269" count="1194" type="stmt"/>
        <line num="270" count="1194" type="cond" truecount="2" falsecount="0"/>
        <line num="272" count="1070" type="cond" truecount="2" falsecount="0"/>
        <line num="273" count="1" type="stmt"/>
        <line num="280" count="1" type="stmt"/>
        <line num="283" count="1069" type="stmt"/>
        <line num="284" count="1069" type="cond" truecount="2" falsecount="0"/>
        <line num="285" count="4030" type="cond" truecount="3" falsecount="1"/>
        <line num="286" count="0" type="stmt"/>
        <line num="293" count="0" type="stmt"/>
        <line num="296" count="1069" type="stmt"/>
        <line num="309" count="725" type="stmt"/>
        <line num="311" count="473" type="cond" truecount="3" falsecount="0"/>
        <line num="317" count="725" type="stmt"/>
        <line num="318" count="1070" type="stmt"/>
        <line num="324" count="725" type="stmt"/>
        <line num="335" count="725" type="stmt"/>
        <line num="339" count="20" type="stmt"/>
        <line num="343" count="2" type="cond" truecount="2" falsecount="0"/>
        <line num="344" count="1" type="stmt"/>
        <line num="347" count="20" type="stmt"/>
        <line num="348" count="56" type="cond" truecount="2" falsecount="0"/>
        <line num="349" count="12" type="cond" truecount="2" falsecount="0"/>
        <line num="350" count="4" type="cond" truecount="2" falsecount="0"/>
        <line num="351" count="1" type="cond" truecount="1" falsecount="1"/>
        <line num="352" count="0" type="cond" truecount="0" falsecount="2"/>
        <line num="353" count="0" type="cond" truecount="0" falsecount="2"/>
        <line num="354" count="0" type="stmt"/>
        <line num="357" count="20" type="stmt"/>
        <line num="363" count="56" type="cond" truecount="2" falsecount="0"/>
        <line num="364" count="56" type="stmt"/>
        <line num="374" count="56" type="stmt"/>
        <line num="377" count="20" type="stmt"/>
        <line num="380" count="14" type="stmt"/>
        <line num="382" count="20" type="stmt"/>
        <line num="388" count="35" type="cond" truecount="2" falsecount="0"/>
        <line num="389" count="35" type="cond" truecount="2" falsecount="0"/>
        <line num="390" count="35" type="stmt"/>
        <line num="391" count="35" type="stmt"/>
        <line num="393" count="35" type="cond" truecount="2" falsecount="0"/>
        <line num="394" count="7" type="stmt"/>
        <line num="406" count="28" type="stmt"/>
        <line num="418" count="28" type="stmt"/>
        <line num="419" count="28" type="stmt"/>
        <line num="422" count="28" type="cond" truecount="4" falsecount="0"/>
        <line num="429" count="35" type="cond" truecount="2" falsecount="0"/>
        <line num="435" count="35" type="stmt"/>
      </file>
      <file name="ManualEndgameClassifier.ts" path="/home/runner/work/GoCube/GoCube/src/core/endgame/ManualEndgameClassifier.ts">
        <metrics statements="47" coveredstatements="43" conditionals="32" coveredconditionals="25" methods="5" coveredmethods="4"/>
        <line num="25" count="1081" type="stmt"/>
        <line num="26" count="1081" type="stmt"/>
        <line num="28" count="1081" type="stmt"/>
        <line num="29" count="8626" type="stmt"/>
        <line num="35" count="8626" type="cond" truecount="2" falsecount="0"/>
        <line num="36" count="1" type="stmt"/>
        <line num="39" count="8623" type="stmt"/>
        <line num="40" count="26327" type="stmt"/>
        <line num="41" count="26327" type="cond" truecount="1" falsecount="1"/>
        <line num="42" count="0" type="stmt"/>
        <line num="44" count="26327" type="stmt"/>
        <line num="47" count="8623" type="stmt"/>
        <line num="50" count="1078" type="stmt"/>
        <line num="52" count="7556" type="cond" truecount="3" falsecount="1"/>
        <line num="54" count="8622" type="stmt"/>
        <line num="63" count="25" type="stmt"/>
        <line num="67" count="0" type="stmt"/>
        <line num="69" count="25" type="stmt"/>
        <line num="75" count="8626" type="cond" truecount="1" falsecount="1"/>
        <line num="77" count="8626" type="stmt"/>
        <line num="78" count="8626" type="stmt"/>
        <line num="79" count="8626" type="stmt"/>
        <line num="81" count="8626" type="stmt"/>
        <line num="82" count="26331" type="cond" truecount="1" falsecount="1"/>
        <line num="83" count="26331" type="stmt"/>
        <line num="85" count="26331" type="cond" truecount="2" falsecount="0"/>
        <line num="87" count="26330" type="stmt"/>
        <line num="88" count="26330" type="cond" truecount="3" falsecount="1"/>
        <line num="89" count="0" type="stmt"/>
        <line num="92" count="26330" type="cond" truecount="2" falsecount="0"/>
        <line num="93" count="17705" type="cond" truecount="1" falsecount="1"/>
        <line num="96" count="8625" type="stmt"/>
        <line num="97" count="8625" type="stmt"/>
        <line num="98" count="8625" type="stmt"/>
        <line num="100" count="8625" type="stmt"/>
        <line num="101" count="26330" type="stmt"/>
        <line num="102" count="26330" type="stmt"/>
        <line num="103" count="105114" type="cond" truecount="4" falsecount="0"/>
        <line num="104" count="17705" type="stmt"/>
        <line num="105" count="17705" type="stmt"/>
        <line num="110" count="8625" type="cond" truecount="1" falsecount="1"/>
        <line num="111" count="0" type="stmt"/>
        <line num="114" count="8625" type="stmt"/>
        <line num="115" count="26330" type="stmt"/>
        <line num="116" count="105111" type="cond" truecount="4" falsecount="0"/>
        <line num="117" count="1" type="stmt"/>
        <line num="122" count="8624" type="stmt"/>
      </file>
      <file name="RelevanceZone.ts" path="/home/runner/work/GoCube/GoCube/src/core/endgame/RelevanceZone.ts">
        <metrics statements="82" coveredstatements="80" conditionals="46" coveredconditionals="42" methods="9" coveredmethods="9"/>
        <line num="7" count="24" type="stmt"/>
        <line num="38" count="24" type="stmt"/>
        <line num="40" count="24" type="stmt"/>
        <line num="41" count="36498" type="cond" truecount="3" falsecount="1"/>
        <line num="43" count="24" type="stmt"/>
        <line num="44" count="9576" type="stmt"/>
        <line num="46" count="24" type="stmt"/>
        <line num="47" count="28728" type="stmt"/>
        <line num="49" count="24" type="stmt"/>
        <line num="54" count="9575" type="stmt"/>
        <line num="55" count="9575" type="stmt"/>
        <line num="56" count="19150" type="stmt"/>
        <line num="57" count="4599" type="stmt"/>
        <line num="60" count="9575" type="stmt"/>
        <line num="63" count="24" type="stmt"/>
        <line num="70" count="8883" type="stmt"/>
        <line num="73" count="60177" type="stmt"/>
        <line num="77" count="24" type="stmt"/>
        <line num="88" count="9576" type="stmt"/>
        <line num="89" count="9576" type="stmt"/>
        <line num="90" count="9576" type="stmt"/>
        <line num="91" count="9576" type="stmt"/>
        <line num="93" count="9576" type="stmt"/>
        <line num="119" count="24" type="stmt"/>
        <line num="125" count="9576" type="cond" truecount="2" falsecount="0"/>
        <line num="126" count="9576" type="cond" truecount="3" falsecount="1"/>
        <line num="127" count="0" type="stmt"/>
        <line num="130" count="9576" type="stmt"/>
        <line num="131" count="9576" type="stmt"/>
        <line num="132" count="9576" type="stmt"/>
        <line num="133" count="9576" type="stmt"/>
        <line num="134" count="9576" type="stmt"/>
        <line num="135" count="9576" type="stmt"/>
        <line num="137" count="9576" type="cond" truecount="4" falsecount="0"/>
        <line num="138" count="1" type="stmt"/>
        <line num="151" count="9575" type="stmt"/>
        <line num="152" count="9575" type="stmt"/>
        <line num="153" count="9575" type="stmt"/>
        <line num="154" count="9575" type="stmt"/>
        <line num="155" count="9575" type="stmt"/>
        <line num="157" count="9575" type="stmt"/>
        <line num="158" count="76920" type="stmt"/>
        <line num="159" count="76920" type="stmt"/>
        <line num="162" count="9575" type="cond" truecount="2" falsecount="0"/>
        <line num="163" count="13488" type="stmt"/>
        <line num="164" count="29698" type="stmt"/>
        <line num="165" count="29698" type="cond" truecount="2" falsecount="0"/>
        <line num="166" count="24552" type="stmt"/>
        <line num="168" count="24552" type="stmt"/>
        <line num="169" count="24552" type="cond" truecount="1" falsecount="1"/>
        <line num="170" count="0" type="stmt"/>
        <line num="183" count="24552" type="stmt"/>
        <line num="184" count="24552" type="stmt"/>
        <line num="185" count="58526" type="cond" truecount="2" falsecount="0"/>
        <line num="186" count="600" type="stmt"/>
        <line num="200" count="23952" type="cond" truecount="2" falsecount="0"/>
        <line num="201" count="4318" type="stmt"/>
        <line num="202" count="4318" type="stmt"/>
        <line num="205" count="19634" type="stmt"/>
        <line num="206" count="38983" type="stmt"/>
        <line num="207" count="108406" type="stmt"/>
        <line num="208" count="108406" type="cond" truecount="2" falsecount="0"/>
        <line num="213" count="22942" type="stmt"/>
        <line num="218" count="19634" type="stmt"/>
        <line num="219" count="30543" type="stmt"/>
        <line num="220" count="30543" type="cond" truecount="4" falsecount="0"/>
        <line num="224" count="12888" type="stmt"/>
        <line num="225" count="19092" type="stmt"/>
        <line num="226" count="19092" type="cond" truecount="2" falsecount="0"/>
        <line num="227" count="16825" type="stmt"/>
        <line num="229" count="16825" type="stmt"/>
        <line num="230" count="16825" type="cond" truecount="1" falsecount="1"/>
        <line num="231" count="16825" type="stmt"/>
        <line num="232" count="16825" type="stmt"/>
        <line num="233" count="18394" type="cond" truecount="2" falsecount="0"/>
        <line num="234" count="65" type="stmt"/>
        <line num="247" count="16760" type="stmt"/>
        <line num="248" count="26765" type="cond" truecount="2" falsecount="0"/>
        <line num="253" count="8910" type="stmt"/>
        <line num="254" count="8910" type="cond" truecount="2" falsecount="0"/>
        <line num="255" count="27" type="stmt"/>
        <line num="268" count="8883" type="stmt"/>
      </file>
[...]
        <line num="971" count="0" type="stmt"/>
        <line num="989" count="0" type="stmt"/>
        <line num="990" count="0" type="stmt"/>
        <line num="993" count="0" type="stmt"/>
        <line num="994" count="0" type="stmt"/>
        <line num="995" count="0" type="stmt"/>
        <line num="997" count="0" type="stmt"/>
        <line num="1000" count="0" type="stmt"/>
        <line num="1001" count="0" type="stmt"/>
        <line num="1003" count="0" type="stmt"/>
        <line num="1005" count="0" type="stmt"/>
        <line num="1006" count="0" type="cond" truecount="0" falsecount="2"/>
        <line num="1007" count="0" type="stmt"/>
        <line num="1008" count="0" type="stmt"/>
        <line num="1010" count="0" type="cond" truecount="0" falsecount="2"/>
        <line num="1011" count="0" type="stmt"/>
        <line num="1013" count="0" type="stmt"/>
        <line num="1014" count="0" type="stmt"/>
        <line num="1015" count="0" type="stmt"/>
        <line num="1016" count="0" type="cond" truecount="0" falsecount="2"/>
        <line num="1017" count="0" type="stmt"/>
        <line num="1018" count="0" type="stmt"/>
        <line num="1021" count="0" type="stmt"/>
        <line num="1022" count="0" type="stmt"/>
        <line num="1023" count="0" type="stmt"/>
        <line num="1024" count="0" type="stmt"/>
        <line num="1025" count="0" type="cond" truecount="0" falsecount="2"/>
        <line num="1026" count="0" type="stmt"/>
        <line num="1029" count="0" type="cond" truecount="0" falsecount="2"/>
        <line num="1030" count="0" type="stmt"/>
        <line num="1031" count="0" type="stmt"/>
        <line num="1034" count="0" type="stmt"/>
        <line num="1035" count="0" type="cond" truecount="0" falsecount="2"/>
        <line num="1036" count="0" type="stmt"/>
        <line num="1040" count="0" type="stmt"/>
        <line num="1049" count="0" type="stmt"/>
        <line num="1050" count="0" type="cond" truecount="0" falsecount="2"/>
        <line num="1052" count="0" type="stmt"/>
        <line num="1053" count="0" type="stmt"/>
        <line num="1057" count="0" type="stmt"/>
        <line num="1062" count="0" type="stmt"/>
        <line num="1063" count="0" type="stmt"/>
        <line num="1065" count="0" type="stmt"/>
        <line num="1066" count="0" type="stmt"/>
        <line num="1067" count="0" type="stmt"/>
        <line num="1068" count="0" type="stmt"/>
        <line num="1069" count="0" type="stmt"/>
        <line num="1070" count="0" type="stmt"/>
        <line num="1071" count="0" type="stmt"/>
        <line num="1073" count="0" type="stmt"/>
        <line num="1074" count="0" type="stmt"/>
        <line num="1075" count="0" type="stmt"/>
        <line num="1077" count="0" type="stmt"/>
        <line num="1079" count="0" type="stmt"/>
        <line num="1080" count="0" type="stmt"/>
        <line num="1081" count="0" type="cond" truecount="0" falsecount="2"/>
        <line num="1082" count="0" type="stmt"/>
        <line num="1086" count="0" type="stmt"/>
        <line num="1087" count="0" type="stmt"/>
        <line num="1092" count="0" type="cond" truecount="0" falsecount="2"/>
        <line num="1093" count="0" type="stmt"/>
        <line num="1094" count="0" type="stmt"/>
        <line num="1097" count="0" type="stmt"/>
        <line num="1098" count="0" type="stmt"/>
        <line num="1099" count="0" type="stmt"/>
        <line num="1100" count="0" type="stmt"/>
        <line num="1101" count="0" type="stmt"/>
        <line num="1103" count="0" type="stmt"/>
        <line num="1104" count="0" type="cond" truecount="0" falsecount="2"/>
        <line num="1107" count="0" type="stmt"/>
        <line num="1115" count="0" type="stmt"/>
        <line num="1116" count="0" type="stmt"/>
        <line num="1117" count="0" type="stmt"/>
        <line num="1127" count="0" type="stmt"/>
        <line num="1129" count="0" type="stmt"/>
        <line num="1131" count="0" type="stmt"/>
        <line num="1133" count="0" type="stmt"/>
        <line num="1134" count="0" type="stmt"/>
        <line num="1135" count="0" type="stmt"/>
        <line num="1137" count="0" type="stmt"/>
        <line num="1138" count="0" type="stmt"/>
        <line num="1139" count="0" type="stmt"/>
        <line num="1140" count="0" type="stmt"/>
        <line num="1141" count="0" type="stmt"/>
        <line num="1147" count="0" type="stmt"/>
        <line num="1148" count="0" type="stmt"/>
        <line num="1150" count="0" type="stmt"/>
        <line num="1151" count="0" type="stmt"/>
        <line num="1152" count="0" type="stmt"/>
        <line num="1153" count="0" type="stmt"/>
        <line num="1154" count="0" type="stmt"/>
        <line num="1155" count="0" type="stmt"/>
        <line num="1161" count="0" type="stmt"/>
        <line num="1162" count="0" type="stmt"/>
        <line num="1164" count="0" type="stmt"/>
        <line num="1165" count="0" type="stmt"/>
        <line num="1166" count="0" type="stmt"/>
        <line num="1167" count="0" type="stmt"/>
        <line num="1168" count="0" type="stmt"/>
        <line num="1169" count="0" type="stmt"/>
        <line num="1170" count="0" type="stmt"/>
        <line num="1171" count="0" type="stmt"/>
        <line num="1172" count="0" type="stmt"/>
        <line num="1173" count="0" type="stmt"/>
        <line num="1174" count="0" type="stmt"/>
        <line num="1183" count="0" type="stmt"/>
        <line num="1185" count="0" type="stmt"/>
        <line num="1186" count="0" type="stmt"/>
        <line num="1188" count="0" type="stmt"/>
        <line num="1189" count="0" type="stmt"/>
        <line num="1193" count="0" type="stmt"/>
        <line num="1194" count="0" type="stmt"/>
        <line num="1195" count="0" type="stmt"/>
        <line num="1196" count="0" type="stmt"/>
        <line num="1201" count="0" type="stmt"/>
        <line num="1202" count="0" type="stmt"/>
        <line num="1203" count="0" type="stmt"/>
        <line num="1204" count="0" type="cond" truecount="0" falsecount="2"/>
        <line num="1206" count="0" type="stmt"/>
        <line num="1207" count="0" type="stmt"/>
        <line num="1221" count="0" type="stmt"/>
        <line num="1223" count="0" type="stmt"/>
        <line num="1225" count="0" type="cond" truecount="0" falsecount="2"/>
        <line num="1226" count="0" type="stmt"/>
        <line num="1227" count="0" type="stmt"/>
        <line num="1228" count="0" type="stmt"/>
        <line num="1229" count="0" type="stmt"/>
        <line num="1234" count="0" type="stmt"/>
        <line num="1235" count="0" type="stmt"/>
        <line num="1251" count="0" type="cond" truecount="0" falsecount="2"/>
        <line num="1252" count="0" type="stmt"/>
        <line num="1253" count="0" type="stmt"/>
        <line num="1255" count="0" type="stmt"/>
        <line num="1258" count="0" type="stmt"/>
        <line num="1259" count="0" type="stmt"/>
        <line num="1260" count="0" type="stmt"/>
        <line num="1264" count="17" type="cond" truecount="1" falsecount="1"/>
        <line num="1265" count="0" type="stmt"/>
        <line num="1268" count="17" type="stmt"/>
        <line num="1269" count="17" type="stmt"/>
        <line num="1270" count="17" type="cond" truecount="3" falsecount="1"/>
        <line num="1272" count="0" type="stmt"/>
        <line num="1274" count="0" type="cond" truecount="0" falsecount="2"/>
        <line num="1275" count="17" type="cond" truecount="1" falsecount="1"/>
        <line num="1276" count="0" type="stmt"/>
        <line num="1277" count="0" type="stmt"/>
        <line num="1278" count="0" type="stmt"/>
        <line num="1279" count="0" type="stmt"/>
        <line num="1282" count="0" type="cond" truecount="0" falsecount="2"/>
        <line num="1283" count="0" type="stmt"/>
        <line num="1284" count="0" type="cond" truecount="0" falsecount="4"/>
        <line num="1285" count="0" type="stmt"/>
        <line num="1288" count="0" type="stmt"/>
        <line num="1289" count="0" type="stmt"/>
        <line num="1303" count="0" type="stmt"/>
        <line num="1305" count="0" type="stmt"/>
        <line num="1308" count="0" type="stmt"/>
        <line num="1310" count="0" type="cond" truecount="0" falsecount="3"/>
        <line num="1314" count="0" type="cond" truecount="0" falsecount="4"/>
        <line num="1316" count="0" type="stmt"/>
        <line num="1317" count="0" type="stmt"/>
        <line num="1329" count="17" type="stmt"/>
        <line num="1333" count="1" type="cond" truecount="1" falsecount="1"/>
        <line num="1335" count="1" type="stmt"/>
        <line num="1336" count="1" type="cond" truecount="3" falsecount="1"/>
        <line num="1338" count="1" type="stmt"/>
      </file>
      <file name="Torus2DStoneAnnotations.ts" path="/home/runner/work/GoCube/GoCube/src/renderer2d/Torus2DStoneAnnotations.ts">
        <metrics statements="194" coveredstatements="38" conditionals="139" coveredconditionals="25" methods="27" coveredmethods="5"/>
        <line num="6" count="2" type="stmt"/>
        <line num="7" count="2" type="stmt"/>
        <line num="8" count="2" type="stmt"/>
        <line num="9" count="2" type="stmt"/>
        <line num="10" count="2" type="stmt"/>
        <line num="11" count="2" type="stmt"/>
        <line num="12" count="2" type="stmt"/>
        <line num="13" count="2" type="stmt"/>
        <line num="14" count="2" type="stmt"/>
        <line num="25" count="2" type="stmt"/>
        <line num="26" count="0" type="cond" truecount="0" falsecount="2"/>
        <line num="28" count="2" type="stmt"/>
        <line num="30" count="2" type="stmt"/>
        <line num="31" count="0" type="stmt"/>
        <line num="33" count="0" type="cond" truecount="0" falsecount="4"/>
        <line num="39" count="2" type="stmt"/>
        <line num="40" count="0" type="stmt"/>
        <line num="42" count="0" type="cond" truecount="0" falsecount="2"/>
        <line num="45" count="2" type="stmt"/>
        <line num="46" count="0" type="stmt"/>
        <line num="47" count="0" type="cond" truecount="0" falsecount="4"/>
        <line num="49" count="0" type="stmt"/>
        <line num="50" count="0" type="stmt"/>
        <line num="51" count="0" type="stmt"/>
        <line num="59" count="2" type="stmt"/>
        <line num="60" count="3" type="cond" truecount="4" falsecount="0"/>
        <line num="62" count="2" type="stmt"/>
        <line num="69" count="2" type="stmt"/>
        <line num="71" count="8" type="cond" truecount="4" falsecount="0"/>
        <line num="78" count="2" type="stmt"/>
        <line num="79" count="0" type="stmt"/>
        <line num="80" count="0" type="stmt"/>
        <line num="81" count="0" type="stmt"/>
        <line num="82" count="0" type="stmt"/>
        <line num="83" count="0" type="cond" truecount="0" falsecount="4"/>
        <line num="85" count="0" type="cond" truecount="0" falsecount="2"/>
        <line num="88" count="2" type="stmt"/>
        <line num="91" count="0" type="stmt"/>
        <line num="94" count="0" type="cond" truecount="0" falsecount="2"/>
        <line num="96" count="0" type="stmt"/>
        <line num="97" count="0" type="stmt"/>
        <line num="98" count="0" type="stmt"/>
        <line num="99" count="0" type="stmt"/>
        <line num="100" count="0" type="cond" truecount="0" falsecount="5"/>
        <line num="101" count="0" type="stmt"/>
        <line num="111" count="0" type="cond" truecount="0" falsecount="2"/>
        <line num="112" count="0" type="stmt"/>
        <line num="113" count="0" type="cond" truecount="0" falsecount="2"/>
        <line num="116" count="2" type="stmt"/>
        <line num="121" count="0" type="stmt"/>
        <line num="122" count="0" type="stmt"/>
        <line num="124" count="0" type="stmt"/>
        <line num="126" count="0" type="stmt"/>
        <line num="127" count="0" type="stmt"/>
        <line num="128" count="0" type="cond" truecount="0" falsecount="4"/>
        <line num="130" count="0" type="stmt"/>
        <line num="131" count="0" type="stmt"/>
        <line num="133" count="0" type="stmt"/>
        <line num="134" count="0" type="stmt"/>
        <line num="135" count="0" type="cond" truecount="0" falsecount="4"/>
        <line num="137" count="0" type="stmt"/>
        <line num="139" count="0" type="stmt"/>
        <line num="140" count="0" type="cond" truecount="0" falsecount="5"/>
        <line num="141" count="0" type="stmt"/>
        <line num="144" count="0" type="cond" truecount="0" falsecount="2"/>
        <line num="145" count="0" type="cond" truecount="0" falsecount="2"/>
        <line num="147" count="0" type="stmt"/>
        <line num="148" count="0" type="stmt"/>
        <line num="149" count="0" type="cond" truecount="0" falsecount="4"/>
        <line num="151" count="0" type="cond" truecount="0" falsecount="2"/>
        <line num="152" count="0" type="cond" truecount="0" falsecount="2"/>
        <line num="153" count="0" type="stmt"/>
        <line num="155" count="0" type="cond" truecount="0" falsecount="2"/>
        <line num="164" count="0" type="stmt"/>
        <line num="165" count="0" type="stmt"/>
        <line num="166" count="0" type="stmt"/>
        <line num="168" count="0" type="stmt"/>
        <line num="169" count="0" type="stmt"/>
        <line num="170" count="0" type="stmt"/>
        <line num="171" count="0" type="stmt"/>
        <line num="172" count="0" type="stmt"/>
        <line num="187" count="0" type="stmt"/>
        <line num="190" count="2" type="stmt"/>
        <line num="191" count="0" type="stmt"/>
        <line num="192" count="0" type="cond" truecount="0" falsecount="2"/>
        <line num="196" count="2" type="stmt"/>
        <line num="200" count="0" type="stmt"/>
        <line num="201" count="0" type="stmt"/>
        <line num="202" count="0" type="stmt"/>
        <line num="204" count="0" type="cond" truecount="0" falsecount="4"/>
        <line num="205" count="0" type="stmt"/>
        <line num="206" count="0" type="stmt"/>
        <line num="209" count="0" type="stmt"/>
        <line num="210" count="0" type="stmt"/>
        <line num="211" count="0" type="stmt"/>
        <line num="212" count="0" type="cond" truecount="0" falsecount="2"/>
        <line num="215" count="0" type="cond" truecount="0" falsecount="2"/>
        <line num="217" count="0" type="stmt"/>
        <line num="218" count="0" type="stmt"/>
        <line num="219" count="0" type="stmt"/>
        <line num="221" count="0" type="stmt"/>
        <line num="222" count="0" type="stmt"/>
        <line num="223" count="0" type="cond" truecount="0" falsecount="2"/>
        <line num="225" count="0" type="stmt"/>
        <line num="226" count="0" type="stmt"/>
        <line num="227" count="0" type="stmt"/>
        <line num="228" count="0" type="stmt"/>
        <line num="229" count="0" type="stmt"/>
        <line num="230" count="0" type="stmt"/>
        <line num="231" count="0" type="cond" truecount="0" falsecount="2"/>
        <line num="232" count="0" type="stmt"/>
        <line num="233" count="0" type="stmt"/>
        <line num="234" count="0" type="stmt"/>
        <line num="235" count="0" type="stmt"/>
        <line num="236" count="0" type="cond" truecount="0" falsecount="2"/>
        <line num="237" count="0" type="stmt"/>
        <line num="238" count="0" type="stmt"/>
        <line num="239" count="0" type="stmt"/>
        <line num="242" count="0" type="cond" truecount="0" falsecount="2"/>
        <line num="245" count="0" type="cond" truecount="0" falsecount="2"/>
        <line num="248" count="2" type="stmt"/>
        <line num="252" count="7" type="cond" truecount="4" falsecount="0"/>
        <line num="253" count="3" type="stmt"/>
        <line num="256" count="4" type="cond" truecount="1" falsecount="1"/>
        <line num="257" count="7" type="cond" truecount="1" falsecount="1"/>
        <line num="259" count="4" type="stmt"/>
        <line num="260" count="144" type="stmt"/>
        <line num="262" count="144" type="stmt"/>
        <line num="263" count="4" type="cond" truecount="3" falsecount="1"/>
        <line num="264" count="4" type="cond" truecount="4" falsecount="0"/>
        <line num="265" count="3" type="cond" truecount="2" falsecount="0"/>
        <line num="269" count="1" type="stmt"/>
        <line num="272" count="2" type="stmt"/>
        <line num="283" count="2" type="stmt"/>
        <line num="288" count="0" type="cond" truecount="0" falsecount="2"/>
        <line num="289" count="0" type="stmt"/>
        <line num="290" count="0" type="stmt"/>
        <line num="292" count="0" type="stmt"/>
        <line num="293" count="0" type="stmt"/>
        <line num="294" count="0" type="stmt"/>
        <line num="295" count="0" type="stmt"/>
        <line num="296" count="0" type="cond" truecount="0" falsecount="2"/>
        <line num="298" count="0" type="stmt"/>
        <line num="299" count="0" type="stmt"/>
        <line num="300" count="0" type="stmt"/>
        <line num="303" count="0" type="stmt"/>
        <line num="304" count="0" type="stmt"/>
        <line num="305" count="0" type="stmt"/>
        <line num="306" count="0" type="stmt"/>
        <line num="307" count="0" type="stmt"/>
        <line num="308" count="0" type="stmt"/>
        <line num="309" count="0" type="cond" truecount="0" falsecount="7"/>
        <line num="311" count="0" type="stmt"/>
        <line num="312" count="0" type="cond" truecount="0" falsecount="2"/>
        <line num="313" count="0" type="stmt"/>
        <line num="314" count="0" type="stmt"/>
        <line num="315" count="0" type="stmt"/>
        <line num="317" count="0" type="stmt"/>
        <line num="318" count="0" type="stmt"/>
        <line num="319" count="0" type="stmt"/>
        <line num="322" count="0" type="cond" truecount="0" falsecount="2"/>
        <line num="323" count="0" type="stmt"/>
        <line num="326" count="0" type="cond" truecount="0" falsecount="2"/>
        <line num="327" count="0" type="stmt"/>
        <line num="328" count="0" type="stmt"/>
        <line num="329" count="0" type="stmt"/>
        <line num="330" count="0" type="stmt"/>
        <line num="331" count="0" type="stmt"/>
        <line num="332" count="0" type="stmt"/>
        <line num="333" count="0" type="stmt"/>
        <line num="334" count="0" type="stmt"/>
        <line num="335" count="0" type="stmt"/>
        <line num="336" count="0" type="cond" truecount="0" falsecount="2"/>
        <line num="337" count="0" type="stmt"/>
        <line num="338" count="0" type="stmt"/>
        <line num="341" count="0" type="cond" truecount="0" falsecount="2"/>
        <line num="342" count="0" type="stmt"/>
        <line num="343" count="0" type="cond" truecount="0" falsecount="2"/>
        <line num="345" count="0" type="stmt"/>
        <line num="346" count="0" type="stmt"/>
        <line num="347" count="0" type="stmt"/>
        <line num="348" count="0" type="stmt"/>
        <line num="349" count="0" type="stmt"/>
        <line num="350" count="0" type="stmt"/>
        <line num="351" count="0" type="stmt"/>
        <line num="352" count="0" type="stmt"/>
        <line num="353" count="0" type="stmt"/>
        <line num="354" count="0" type="stmt"/>
        <line num="355" count="0" type="stmt"/>
        <line num="356" count="0" type="stmt"/>
        <line num="357" count="0" type="stmt"/>
        <line num="358" count="0" type="cond" truecount="0" falsecount="2"/>
        <line num="359" count="0" type="stmt"/>
        <line num="360" count="0" type="stmt"/>
      </file>
      <file name="Torus2DStoneArtwork.ts" path="/home/runner/work/GoCube/GoCube/src/renderer2d/Torus2DStoneArtwork.ts">
        <metrics statements="0" coveredstatements="0" conditionals="0" coveredconditionals="0" methods="0" coveredmethods="0"/>
      </file>
    </package>
  </project>
</coverage>
